<?xml version="1.0" encoding="UTF-8"?>
<!-- Generated by org.testng.reporters.JUnitXMLReporter -->
<testsuite hostname="LAPTOP-FEM2N9O3" ignored="0" name="Default test" tests="10" failures="0" timestamp="26 May 2020 01:31:15 GMT" time="404.781" errors="0">
  <testcase name="negativeTest" time="14.471" classname="com.webaite.test.DataDrivenTest"/>
  <testcase name="negativeTest" time="13.453" classname="com.webaite.test.DataDrivenTest"/>
  <testcase name="negativeTest" time="15.276" classname="com.webaite.test.DataDrivenTest"/>
  <testcase name="negativeTest" time="20.609" classname="com.webaite.test.DataDrivenTest"/>
  <testcase name="negativeTest" time="18.456" classname="com.webaite.test.DataDrivenTest"/>
  <testcase name="negativeAdmin" time="35.837" classname="com.webaite.test.DataDrivenTest"/>
  <testcase name="negativeAdmin" time="42.336" classname="com.webaite.test.DataDrivenTest"/>
  <testcase name="negativeAdmin" time="34.91" classname="com.webaite.test.DataDrivenTest"/>
  <testcase name="negativeAdmin" time="47.42" classname="com.webaite.test.DataDrivenTest"/>
  <testcase name="negativeAdmin" time="40.107" classname="com.webaite.test.DataDrivenTest"/>
</testsuite> <!-- Default test -->
