<?xml version="1.0" encoding="UTF-8"?>
<!-- Generated by org.testng.reporters.JUnitXMLReporter -->
<testsuite hostname="LAPTOP-FEM2N9O3" ignored="9" name="Test" tests="1" failures="0" timestamp="26 May 2020 00:33:16 GMT" time="26.407" errors="0">
  <testcase name="makeuser" time="14.428" classname="com.webaite.test.SmokeTest"/>
  <testcase name="negativeTest" time="0.0" classname="com.webaite.test.DataDrivenTest">
    <ignored/>
  </testcase> <!-- negativeTest -->
  <testcase name="flight" time="0.0" classname="com.webaite.test.SmokeTest">
    <ignored/>
  </testcase> <!-- flight -->
  <testcase name="backend" time="0.0" classname="com.webaite.test.SmokeTest">
    <ignored/>
  </testcase> <!-- backend -->
  <testcase name="signup" time="0.0" classname="com.webaite.test.SmokeTest">
    <ignored/>
  </testcase> <!-- signup -->
  <testcase name="negativeAdmin" time="0.0" classname="com.webaite.test.DataDrivenTest">
    <ignored/>
  </testcase> <!-- negativeAdmin -->
  <testcase name="account" time="0.0" classname="com.webaite.test.SmokeTest">
    <ignored/>
  </testcase> <!-- account -->
  <testcase name="language" time="0.0" classname="com.webaite.test.SmokeTest">
    <ignored/>
  </testcase> <!-- language -->
  <testcase name="login" time="0.0" classname="com.webaite.test.SmokeTest">
    <ignored/>
  </testcase> <!-- login -->
  <testcase name="homepageaccess" time="0.0" classname="com.webaite.test.SmokeTest">
    <ignored/>
  </testcase> <!-- homepageaccess -->
</testsuite> <!-- Test -->
