<?xml version="1.0" encoding="UTF-8"?>
<testng-results skipped="0" failed="0" ignored="9" total="10" passed="1">
  <reporter-output>
  </reporter-output>
  <suite name="Suite" duration-ms="26407" started-at="2020-05-26T00:32:50Z" finished-at="2020-05-26T00:33:16Z">
    <groups>
    </groups>
    <test name="Test" duration-ms="26407" started-at="2020-05-26T00:32:50Z" finished-at="2020-05-26T00:33:16Z">
      <class name="com.webaite.test.SmokeTest">
        <test-method status="PASS" signature="extentReportSetUp()[pri:0, instance:com.webaite.test.SmokeTest@1794d431]" name="extentReportSetUp" is-config="true" duration-ms="123" started-at="2020-05-26T00:32:50Z" finished-at="2020-05-26T00:32:50Z">
          <reporter-output>
          </reporter-output>
        </test-method> <!-- extentReportSetUp -->
        <test-method status="PASS" signature="set_up()[pri:0, instance:com.webaite.test.SmokeTest@1794d431]" name="set_up" is-config="true" duration-ms="6133" started-at="2020-05-26T00:32:50Z" finished-at="2020-05-26T00:32:56Z">
          <reporter-output>
          </reporter-output>
        </test-method> <!-- set_up -->
        <test-method status="PASS" signature="makeuser()[pri:0, instance:com.webaite.test.SmokeTest@1794d431]" name="makeuser" duration-ms="14428" started-at="2020-05-26T00:32:56Z" finished-at="2020-05-26T00:33:10Z">
          <reporter-output>
          </reporter-output>
        </test-method> <!-- makeuser -->
        <test-method status="PASS" signature="tearDown(org.testng.ITestResult)[pri:0, instance:com.webaite.test.SmokeTest@1794d431]" name="tearDown" is-config="true" duration-ms="5005" started-at="2020-05-26T00:33:10Z" finished-at="2020-05-26T00:33:15Z">
          <params>
            <param index="0">
              <value>
                <![CDATA[[TestResult name=makeuser status=SUCCESS method=SmokeTest.makeuser()[pri:0, instance:com.webaite.test.SmokeTest@1794d431] output={null}]]]>
              </value>
            </param>
          </params>
          <reporter-output>
          </reporter-output>
        </test-method> <!-- tearDown -->
        <test-method status="PASS" signature="afterAllTests()[pri:0, instance:com.webaite.test.SmokeTest@1794d431]" name="afterAllTests" is-config="true" duration-ms="703" started-at="2020-05-26T00:33:15Z" finished-at="2020-05-26T00:33:16Z">
          <reporter-output>
          </reporter-output>
        </test-method> <!-- afterAllTests -->
      </class> <!-- com.webaite.test.SmokeTest -->
    </test> <!-- Test -->
  </suite> <!-- Suite -->
</testng-results>
