<?xml version="1.0" encoding="UTF-8"?>
<testng-results skipped="0" failed="0" ignored="0" total="10" passed="10">
  <reporter-output>
  </reporter-output>
  <suite name="Default suite" duration-ms="404781" started-at="2020-05-26T01:24:29Z" finished-at="2020-05-26T01:31:14Z">
    <groups>
    </groups>
    <test name="Default test" duration-ms="404781" started-at="2020-05-26T01:24:29Z" finished-at="2020-05-26T01:31:14Z">
      <class name="com.webaite.test.DataDrivenTest">
        <test-method status="PASS" signature="extentReportSetUp()[pri:0, instance:com.webaite.test.DataDrivenTest@61f8bee4]" name="extentReportSetUp" is-config="true" duration-ms="294" started-at="2020-05-26T01:24:29Z" finished-at="2020-05-26T01:24:29Z">
          <reporter-output>
          </reporter-output>
        </test-method> <!-- extentReportSetUp -->
        <test-method status="PASS" signature="set_up()[pri:0, instance:com.webaite.test.DataDrivenTest@61f8bee4]" name="set_up" is-config="true" duration-ms="8582" started-at="2020-05-26T01:24:31Z" finished-at="2020-05-26T01:24:40Z">
          <reporter-output>
          </reporter-output>
        </test-method> <!-- set_up -->
        <test-method status="PASS" signature="negativeTest(java.lang.String, java.lang.String, java.lang.String)[pri:0, instance:com.webaite.test.DataDrivenTest@61f8bee4]" name="negativeTest" duration-ms="14471" started-at="2020-05-26T01:24:40Z" data-provider="Phpdata" finished-at="2020-05-26T01:24:54Z">
          <params>
            <param index="0">
              <value>
                <![CDATA[use@phptravels.com]]>
              </value>
            </param>
            <param index="1">
              <value>
                <![CDATA[demouser]]>
              </value>
            </param>
            <param index="2">
              <value>
                <![CDATA[Invalid Email or Password]]>
              </value>
            </param>
          </params>
          <reporter-output>
          </reporter-output>
        </test-method> <!-- negativeTest -->
        <test-method status="PASS" signature="tearDown(org.testng.ITestResult)[pri:0, instance:com.webaite.test.DataDrivenTest@61f8bee4]" name="tearDown" is-config="true" duration-ms="5004" started-at="2020-05-26T01:24:54Z" finished-at="2020-05-26T01:24:59Z">
          <params>
            <param index="0">
              <value>
                <![CDATA[[TestResult name=negativeTest status=SUCCESS method=DataDrivenTest.negativeTest(java.lang.String, java.lang.String, java.lang.String)[pri:0, instance:com.webaite.test.DataDrivenTest@61f8bee4] output={null}]]]>
              </value>
            </param>
          </params>
          <reporter-output>
          </reporter-output>
        </test-method> <!-- tearDown -->
        <test-method status="PASS" signature="set_up()[pri:0, instance:com.webaite.test.DataDrivenTest@61f8bee4]" name="set_up" is-config="true" duration-ms="6143" started-at="2020-05-26T01:24:59Z" finished-at="2020-05-26T01:25:05Z">
          <reporter-output>
          </reporter-output>
        </test-method> <!-- set_up -->
        <test-method status="PASS" signature="negativeTest(java.lang.String, java.lang.String, java.lang.String)[pri:0, instance:com.webaite.test.DataDrivenTest@61f8bee4]" name="negativeTest" duration-ms="13453" started-at="2020-05-26T01:25:05Z" data-provider="Phpdata" finished-at="2020-05-26T01:25:19Z">
          <params>
            <param index="0">
              <value>
                <![CDATA[user@phptravels.com]]>
              </value>
            </param>
            <param index="1">
              <value>
                <![CDATA[demouse]]>
              </value>
            </param>
            <param index="2">
              <value>
                <![CDATA[Invalid Email or Password]]>
              </value>
            </param>
          </params>
          <reporter-output>
          </reporter-output>
        </test-method> <!-- negativeTest -->
        <test-method status="PASS" signature="tearDown(org.testng.ITestResult)[pri:0, instance:com.webaite.test.DataDrivenTest@61f8bee4]" name="tearDown" is-config="true" duration-ms="5004" started-at="2020-05-26T01:25:19Z" finished-at="2020-05-26T01:25:24Z">
          <params>
            <param index="0">
              <value>
                <![CDATA[[TestResult name=negativeTest status=SUCCESS method=DataDrivenTest.negativeTest(java.lang.String, java.lang.String, java.lang.String)[pri:0, instance:com.webaite.test.DataDrivenTest@61f8bee4] output={null}]]]>
              </value>
            </param>
          </params>
          <reporter-output>
          </reporter-output>
        </test-method> <!-- tearDown -->
        <test-method status="PASS" signature="set_up()[pri:0, instance:com.webaite.test.DataDrivenTest@61f8bee4]" name="set_up" is-config="true" duration-ms="5966" started-at="2020-05-26T01:25:24Z" finished-at="2020-05-26T01:25:30Z">
          <reporter-output>
          </reporter-output>
        </test-method> <!-- set_up -->
        <test-method status="PASS" signature="negativeTest(java.lang.String, java.lang.String, java.lang.String)[pri:0, instance:com.webaite.test.DataDrivenTest@61f8bee4]" name="negativeTest" duration-ms="15276" started-at="2020-05-26T01:25:30Z" data-provider="Phpdata" finished-at="2020-05-26T01:25:45Z">
          <params>
            <param index="0">
              <value>
                <![CDATA[ ]]>
              </value>
            </param>
            <param index="1">
              <value>
                <![CDATA[demouser]]>
              </value>
            </param>
            <param index="2">
              <value>
                <![CDATA[Invalid Email or Password]]>
              </value>
            </param>
          </params>
          <reporter-output>
          </reporter-output>
        </test-method> <!-- negativeTest -->
        <test-method status="PASS" signature="tearDown(org.testng.ITestResult)[pri:0, instance:com.webaite.test.DataDrivenTest@61f8bee4]" name="tearDown" is-config="true" duration-ms="5001" started-at="2020-05-26T01:25:45Z" finished-at="2020-05-26T01:25:50Z">
          <params>
            <param index="0">
              <value>
                <![CDATA[[TestResult name=negativeTest status=SUCCESS method=DataDrivenTest.negativeTest(java.lang.String, java.lang.String, java.lang.String)[pri:0, instance:com.webaite.test.DataDrivenTest@61f8bee4] output={null}]]]>
              </value>
            </param>
          </params>
          <reporter-output>
          </reporter-output>
        </test-method> <!-- tearDown -->
        <test-method status="PASS" signature="set_up()[pri:0, instance:com.webaite.test.DataDrivenTest@61f8bee4]" name="set_up" is-config="true" duration-ms="7368" started-at="2020-05-26T01:25:50Z" finished-at="2020-05-26T01:25:57Z">
          <reporter-output>
          </reporter-output>
        </test-method> <!-- set_up -->
        <test-method status="PASS" signature="negativeTest(java.lang.String, java.lang.String, java.lang.String)[pri:0, instance:com.webaite.test.DataDrivenTest@61f8bee4]" name="negativeTest" duration-ms="20609" started-at="2020-05-26T01:25:57Z" data-provider="Phpdata" finished-at="2020-05-26T01:26:18Z">
          <params>
            <param index="0">
              <value>
                <![CDATA[user@phptravels.com]]>
              </value>
            </param>
            <param index="1">
              <value>
                <![CDATA[ ]]>
              </value>
            </param>
            <param index="2">
              <value>
                <![CDATA[Invalid Email or Password]]>
              </value>
            </param>
          </params>
          <reporter-output>
          </reporter-output>
        </test-method> <!-- negativeTest -->
        <test-method status="PASS" signature="tearDown(org.testng.ITestResult)[pri:0, instance:com.webaite.test.DataDrivenTest@61f8bee4]" name="tearDown" is-config="true" duration-ms="5001" started-at="2020-05-26T01:26:18Z" finished-at="2020-05-26T01:26:23Z">
          <params>
            <param index="0">
              <value>
                <![CDATA[[TestResult name=negativeTest status=SUCCESS method=DataDrivenTest.negativeTest(java.lang.String, java.lang.String, java.lang.String)[pri:0, instance:com.webaite.test.DataDrivenTest@61f8bee4] output={null}]]]>
              </value>
            </param>
          </params>
          <reporter-output>
          </reporter-output>
        </test-method> <!-- tearDown -->
        <test-method status="PASS" signature="set_up()[pri:0, instance:com.webaite.test.DataDrivenTest@61f8bee4]" name="set_up" is-config="true" duration-ms="6374" started-at="2020-05-26T01:26:23Z" finished-at="2020-05-26T01:26:29Z">
          <reporter-output>
          </reporter-output>
        </test-method> <!-- set_up -->
        <test-method status="PASS" signature="negativeTest(java.lang.String, java.lang.String, java.lang.String)[pri:0, instance:com.webaite.test.DataDrivenTest@61f8bee4]" name="negativeTest" duration-ms="18456" started-at="2020-05-26T01:26:29Z" data-provider="Phpdata" finished-at="2020-05-26T01:26:48Z">
          <params>
            <param index="0">
              <value>
                <![CDATA[ ]]>
              </value>
            </param>
            <param index="1">
              <value>
                <![CDATA[ ]]>
              </value>
            </param>
            <param index="2">
              <value>
                <![CDATA[Invalid Email or Password]]>
              </value>
            </param>
          </params>
          <reporter-output>
          </reporter-output>
        </test-method> <!-- negativeTest -->
        <test-method status="PASS" signature="tearDown(org.testng.ITestResult)[pri:0, instance:com.webaite.test.DataDrivenTest@61f8bee4]" name="tearDown" is-config="true" duration-ms="5003" started-at="2020-05-26T01:26:48Z" finished-at="2020-05-26T01:26:53Z">
          <params>
            <param index="0">
              <value>
                <![CDATA[[TestResult name=negativeTest status=SUCCESS method=DataDrivenTest.negativeTest(java.lang.String, java.lang.String, java.lang.String)[pri:0, instance:com.webaite.test.DataDrivenTest@61f8bee4] output={null}]]]>
              </value>
            </param>
          </params>
          <reporter-output>
          </reporter-output>
        </test-method> <!-- tearDown -->
        <test-method status="PASS" signature="set_up()[pri:0, instance:com.webaite.test.DataDrivenTest@61f8bee4]" name="set_up" is-config="true" duration-ms="5756" started-at="2020-05-26T01:26:53Z" finished-at="2020-05-26T01:26:59Z">
          <reporter-output>
          </reporter-output>
        </test-method> <!-- set_up -->
        <test-method status="PASS" signature="negativeAdmin(java.lang.String, java.lang.String, java.lang.String)[pri:1, instance:com.webaite.test.DataDrivenTest@61f8bee4]" name="negativeAdmin" duration-ms="35837" started-at="2020-05-26T01:26:59Z" data-provider="Admindata" finished-at="2020-05-26T01:27:35Z">
          <params>
            <param index="0">
              <value>
                <![CDATA[admin@phptravels.com]]>
              </value>
            </param>
            <param index="1">
              <value>
                <![CDATA[demoadmi]]>
              </value>
            </param>
            <param index="2">
              <value>
                <![CDATA[Invalid Login Credentials]]>
              </value>
            </param>
          </params>
          <reporter-output>
          </reporter-output>
        </test-method> <!-- negativeAdmin -->
        <test-method status="PASS" signature="tearDown(org.testng.ITestResult)[pri:0, instance:com.webaite.test.DataDrivenTest@61f8bee4]" name="tearDown" is-config="true" duration-ms="5002" started-at="2020-05-26T01:27:35Z" finished-at="2020-05-26T01:27:40Z">
          <params>
            <param index="0">
              <value>
                <![CDATA[[TestResult name=negativeAdmin status=SUCCESS method=DataDrivenTest.negativeAdmin(java.lang.String, java.lang.String, java.lang.String)[pri:1, instance:com.webaite.test.DataDrivenTest@61f8bee4] output={null}]]]>
              </value>
            </param>
          </params>
          <reporter-output>
          </reporter-output>
        </test-method> <!-- tearDown -->
        <test-method status="PASS" signature="set_up()[pri:0, instance:com.webaite.test.DataDrivenTest@61f8bee4]" name="set_up" is-config="true" duration-ms="6213" started-at="2020-05-26T01:27:40Z" finished-at="2020-05-26T01:27:46Z">
          <reporter-output>
          </reporter-output>
        </test-method> <!-- set_up -->
        <test-method status="PASS" signature="negativeAdmin(java.lang.String, java.lang.String, java.lang.String)[pri:1, instance:com.webaite.test.DataDrivenTest@61f8bee4]" name="negativeAdmin" duration-ms="42336" started-at="2020-05-26T01:27:46Z" data-provider="Admindata" finished-at="2020-05-26T01:28:28Z">
          <params>
            <param index="0">
              <value>
                <![CDATA[ad@phptravels.com]]>
              </value>
            </param>
            <param index="1">
              <value>
                <![CDATA[demoadmin]]>
              </value>
            </param>
            <param index="2">
              <value>
                <![CDATA[Invalid Login Credentials]]>
              </value>
            </param>
          </params>
          <reporter-output>
          </reporter-output>
        </test-method> <!-- negativeAdmin -->
        <test-method status="PASS" signature="tearDown(org.testng.ITestResult)[pri:0, instance:com.webaite.test.DataDrivenTest@61f8bee4]" name="tearDown" is-config="true" duration-ms="5002" started-at="2020-05-26T01:28:28Z" finished-at="2020-05-26T01:28:33Z">
          <params>
            <param index="0">
              <value>
                <![CDATA[[TestResult name=negativeAdmin status=SUCCESS method=DataDrivenTest.negativeAdmin(java.lang.String, java.lang.String, java.lang.String)[pri:1, instance:com.webaite.test.DataDrivenTest@61f8bee4] output={null}]]]>
              </value>
            </param>
          </params>
          <reporter-output>
          </reporter-output>
        </test-method> <!-- tearDown -->
        <test-method status="PASS" signature="set_up()[pri:0, instance:com.webaite.test.DataDrivenTest@61f8bee4]" name="set_up" is-config="true" duration-ms="6696" started-at="2020-05-26T01:28:33Z" finished-at="2020-05-26T01:28:40Z">
          <reporter-output>
          </reporter-output>
        </test-method> <!-- set_up -->
        <test-method status="PASS" signature="negativeAdmin(java.lang.String, java.lang.String, java.lang.String)[pri:1, instance:com.webaite.test.DataDrivenTest@61f8bee4]" name="negativeAdmin" duration-ms="34910" started-at="2020-05-26T01:28:40Z" data-provider="Admindata" finished-at="2020-05-26T01:29:15Z">
          <params>
            <param index="0">
              <value>
                <![CDATA[  ]]>
              </value>
            </param>
            <param index="1">
              <value>
                <![CDATA[demoadmin]]>
              </value>
            </param>
            <param index="2">
              <value>
                <![CDATA[Invalid Login Credentials]]>
              </value>
            </param>
          </params>
          <reporter-output>
          </reporter-output>
        </test-method> <!-- negativeAdmin -->
        <test-method status="PASS" signature="tearDown(org.testng.ITestResult)[pri:0, instance:com.webaite.test.DataDrivenTest@61f8bee4]" name="tearDown" is-config="true" duration-ms="5002" started-at="2020-05-26T01:29:15Z" finished-at="2020-05-26T01:29:20Z">
          <params>
            <param index="0">
              <value>
                <![CDATA[[TestResult name=negativeAdmin status=SUCCESS method=DataDrivenTest.negativeAdmin(java.lang.String, java.lang.String, java.lang.String)[pri:1, instance:com.webaite.test.DataDrivenTest@61f8bee4] output={null}]]]>
              </value>
            </param>
          </params>
          <reporter-output>
          </reporter-output>
        </test-method> <!-- tearDown -->
        <test-method status="PASS" signature="set_up()[pri:0, instance:com.webaite.test.DataDrivenTest@61f8bee4]" name="set_up" is-config="true" duration-ms="5926" started-at="2020-05-26T01:29:20Z" finished-at="2020-05-26T01:29:26Z">
          <reporter-output>
          </reporter-output>
        </test-method> <!-- set_up -->
        <test-method status="PASS" signature="negativeAdmin(java.lang.String, java.lang.String, java.lang.String)[pri:1, instance:com.webaite.test.DataDrivenTest@61f8bee4]" name="negativeAdmin" duration-ms="47420" started-at="2020-05-26T01:29:26Z" data-provider="Admindata" finished-at="2020-05-26T01:30:13Z">
          <params>
            <param index="0">
              <value>
                <![CDATA[admin@phptravels.com]]>
              </value>
            </param>
            <param index="1">
              <value>
                <![CDATA[  ]]>
              </value>
            </param>
            <param index="2">
              <value>
                <![CDATA[Invalid Login Credentials]]>
              </value>
            </param>
          </params>
          <reporter-output>
          </reporter-output>
        </test-method> <!-- negativeAdmin -->
        <test-method status="PASS" signature="tearDown(org.testng.ITestResult)[pri:0, instance:com.webaite.test.DataDrivenTest@61f8bee4]" name="tearDown" is-config="true" duration-ms="5003" started-at="2020-05-26T01:30:13Z" finished-at="2020-05-26T01:30:18Z">
          <params>
            <param index="0">
              <value>
                <![CDATA[[TestResult name=negativeAdmin status=SUCCESS method=DataDrivenTest.negativeAdmin(java.lang.String, java.lang.String, java.lang.String)[pri:1, instance:com.webaite.test.DataDrivenTest@61f8bee4] output={null}]]]>
              </value>
            </param>
          </params>
          <reporter-output>
          </reporter-output>
        </test-method> <!-- tearDown -->
        <test-method status="PASS" signature="set_up()[pri:0, instance:com.webaite.test.DataDrivenTest@61f8bee4]" name="set_up" is-config="true" duration-ms="7703" started-at="2020-05-26T01:30:18Z" finished-at="2020-05-26T01:30:26Z">
          <reporter-output>
          </reporter-output>
        </test-method> <!-- set_up -->
        <test-method status="PASS" signature="negativeAdmin(java.lang.String, java.lang.String, java.lang.String)[pri:1, instance:com.webaite.test.DataDrivenTest@61f8bee4]" name="negativeAdmin" duration-ms="40107" started-at="2020-05-26T01:30:26Z" data-provider="Admindata" finished-at="2020-05-26T01:31:06Z">
          <params>
            <param index="0">
              <value>
                <![CDATA[  ]]>
              </value>
            </param>
            <param index="1">
              <value>
                <![CDATA[  ]]>
              </value>
            </param>
            <param index="2">
              <value>
                <![CDATA[Invalid Login Credentials]]>
              </value>
            </param>
          </params>
          <reporter-output>
          </reporter-output>
        </test-method> <!-- negativeAdmin -->
        <test-method status="PASS" signature="tearDown(org.testng.ITestResult)[pri:0, instance:com.webaite.test.DataDrivenTest@61f8bee4]" name="tearDown" is-config="true" duration-ms="5003" started-at="2020-05-26T01:31:06Z" finished-at="2020-05-26T01:31:11Z">
          <params>
            <param index="0">
              <value>
                <![CDATA[[TestResult name=negativeAdmin status=SUCCESS method=DataDrivenTest.negativeAdmin(java.lang.String, java.lang.String, java.lang.String)[pri:1, instance:com.webaite.test.DataDrivenTest@61f8bee4] output={null}]]]>
              </value>
            </param>
          </params>
          <reporter-output>
          </reporter-output>
        </test-method> <!-- tearDown -->
        <test-method status="PASS" signature="afterAllTests()[pri:0, instance:com.webaite.test.DataDrivenTest@61f8bee4]" name="afterAllTests" is-config="true" duration-ms="2871" started-at="2020-05-26T01:31:11Z" finished-at="2020-05-26T01:31:14Z">
          <reporter-output>
          </reporter-output>
        </test-method> <!-- afterAllTests -->
      </class> <!-- com.webaite.test.DataDrivenTest -->
    </test> <!-- Default test -->
  </suite> <!-- Default suite -->
</testng-results>
